<?xml version='1.0' encoding='UTF-8'?>
<testsuite hostname="Olis-MacBook-Air.local" name="ReceiptPrinterSpec" tests="4" errors="0" failures="0" skipped="0" time="0.055" timestamp="2024-07-16T22:17:26">
          <properties>
[...]
</properties>
          <testcase classname="ReceiptPrinterSpec" name="A ReceiptPrinter should format a receipt which contains the name of the cafe" time="0.034">
                      
                    </testcase><testcase classname="ReceiptPrinterSpec" name="A ReceiptPrinter should format a receipt which contains the address of the cafe" time="0.003">
                      
                    </testcase><testcase classname="ReceiptPrinterSpec" name="A ReceiptPrinter should format a receipt which contains the phone number of the cafe" time="0.003">
                      
                    </testcase><testcase classname="ReceiptPrinterSpec" name="A ReceiptPrinter should format a receipt which contains the prices from the cafe" time="0.015">
                      
                    </testcase>
          <system-out><![CDATA[]]></system-out>
          <system-err><![CDATA[]]></system-err>
        </testsuite>